<?xml version="1.0" encoding="UTF-8"?>
<!-- Generated by org.testng.reporters.JUnitReportReporter -->
<testsuite hostname="AS-J9LZFK3-L" failures="0" tests="7" name="io.github.rsinha.api.restfulbooker.RestfulBookingEnd2EndTest" time="9.312" errors="0" timestamp="2024-03-07T17:16:09 IST" skipped="0">
  <testcase classname="io.github.rsinha.api.restfulbooker.RestfulBookingEnd2EndTest" name="updateBookingTest" time="1.128"/>
  <system-out/>
  <testcase classname="io.github.rsinha.api.restfulbooker.RestfulBookingEnd2EndTest" name="deleteBookingTest" time="1.083"/>
  <system-out/>
  <testcase classname="io.github.rsinha.api.restfulbooker.RestfulBookingEnd2EndTest" name="testBookingDeleted" time="1.018"/>
  <system-out/>
  <testcase classname="io.github.rsinha.api.restfulbooker.RestfulBookingEnd2EndTest" name="getBookingTest" time="0.981"/>
  <system-out/>
  <testcase classname="io.github.rsinha.api.restfulbooker.RestfulBookingEnd2EndTest" name="createBookingTest" time="2.947"/>
  <system-out/>
  <testcase classname="io.github.rsinha.api.restfulbooker.RestfulBookingEnd2EndTest" name="patchBookingTest" time="1.068"/>
  <system-out/>
  <testcase classname="io.github.rsinha.api.restfulbooker.RestfulBookingEnd2EndTest" name="generateTokenTest" time="1.087"/>
  <system-out/>
</testsuite> <!-- io.github.rsinha.api.restfulbooker.RestfulBookingEnd2EndTest -->
